[0m17:14:59.878708 [debug] [MainThread]: Sending event: {'category': 'dbt', 'action': 'invocation', 'label': 'start', 'context': [<snowplow_tracker.self_describing_json.SelfDescribingJson object at 0x00000211BF2B6120>, <snowplow_tracker.self_describing_json.SelfDescribingJson object at 0x00000211BCF3DD10>, <snowplow_tracker.self_describing_json.SelfDescribingJson object at 0x00000211C0267ED0>]}


============================== 17:14:59.889159 | 332d6e01-bddf-4825-8b09-6c71aaea94bc ==============================
[0m17:14:59.889159 [info ] [MainThread]: Running with dbt=1.9.6
[0m17:14:59.890307 [debug] [MainThread]: running dbt with arguments {'printer_width': '80', 'indirect_selection': 'eager', 'write_json': 'True', 'log_cache_events': 'False', 'partial_parse': 'True', 'cache_selected_only': 'False', 'warn_error': 'None', 'fail_fast': 'False', 'debug': 'False', 'log_path': 'logs', 'version_check': 'True', 'profiles_dir': 'C:\\Users\\srujan\\.dbt', 'use_colors': 'True', 'use_experimental_parser': 'False', 'no_print': 'None', 'quiet': 'False', 'empty': 'None', 'log_format': 'default', 'invocation_command': 'dbt init netflix', 'static_parser': 'True', 'introspect': 'True', 'target_path': 'None', 'warn_error_options': 'WarnErrorOptions(include=[], exclude=[])', 'send_anonymous_usage_stats': 'True'}
[0m17:14:59.941573 [warn ] [MainThread]: [ConfigFolderDirectory]: Unable to parse logging event dictionary. Failed to parse dir field: expected string or bytes-like object, got 'WindowsPath'.. Dictionary: {'dir': WindowsPath('C:/Users/srujan/.dbt')}
[0m17:14:59.942420 [info ] [MainThread]: Creating dbt configuration folder at 
[0m17:14:59.952446 [debug] [MainThread]: Starter project path: C:\Users\srujan\netflix_dbt_project\venv\Lib\site-packages\dbt\include\starter_project
[0m17:14:59.998315 [info ] [MainThread]: 
Your new dbt project "netflix" was created!

For more information on how to configure the profiles.yml file,
please consult the dbt documentation here:

  https://docs.getdbt.com/docs/configure-your-profile

One more thing:

Need help? Don't hesitate to reach out to us via GitHub issues or on Slack:

  https://community.getdbt.com/

Happy modeling!

[0m17:14:59.999897 [info ] [MainThread]: Setting up your profile.
[0m17:20:12.674420 [info ] [MainThread]: Profile netflix written to C:\Users\srujan\.dbt\profiles.yml using target's profile_template.yml and your supplied values. Run 'dbt debug' to validate the connection.
[0m17:20:12.678820 [debug] [MainThread]: Command `dbt init` succeeded at 17:20:12.678425 after 313.13 seconds
[0m17:20:12.680207 [debug] [MainThread]: Sending event: {'category': 'dbt', 'action': 'invocation', 'label': 'end', 'context': [<snowplow_tracker.self_describing_json.SelfDescribingJson object at 0x00000211C2133E10>, <snowplow_tracker.self_describing_json.SelfDescribingJson object at 0x00000211C1565B50>, <snowplow_tracker.self_describing_json.SelfDescribingJson object at 0x00000211C2142470>]}
[0m17:20:12.681812 [debug] [MainThread]: Flushing usage events
[0m17:20:12.961750 [debug] [MainThread]: An error was encountered while trying to flush usage events
